Rocky Linux 8 - AppS     [===                 ] ---  B/s |   0  B     --:-- ETA
Rocky Linux 8 - AppS  0% [                    ] ---  B/s |   0  B     --:-- ETA
Rocky Linux 8 - AppStream                       8.3 kB/s | 4.8 kB     00:00    
Rocky Linux 8 - AppS     [===                 ] ---  B/s |   0  B     --:-- ETA
Rocky Linux 8 - AppS  0% [                    ] ---  B/s |   0  B     --:-- ETA
Rocky Linux 8 - AppS 12% [==                  ] 3.9 MB/s | 1.2 MB     00:02 ETA
Rocky Linux 8 - AppS 41% [========            ] 4.3 MB/s | 4.1 MB     00:01 ETA
Rocky Linux 8 - AppS 65% [=============       ] 4.6 MB/s | 7.0 MB     00:00 ETA
Rocky Linux 8 - AppS 96% [=================== ] 5.0 MB/s |  10 MB     00:00 ETA
Rocky Linux 8 - AppStream                       6.3 MB/s |  11 MB     00:01    
Rocky Linux 8 - Base     [   ===              ] ---  B/s |   0  B     --:-- ETA
Rocky Linux 8 - Base  0% [                    ] ---  B/s |   0  B     --:-- ETA
Rocky Linux 8 - BaseOS                          8.3 kB/s | 4.3 kB     00:00    
Rocky Linux 8 - Base     [      ===           ] ---  B/s |   0  B     --:-- ETA
Rocky Linux 8 - Base  0% [                    ] ---  B/s |   0  B     --:-- ETA
Rocky Linux 8 - Base 25% [=====               ] 4.3 MB/s | 1.3 MB     00:00 ETA
Rocky Linux 8 - Base 95% [=================== ] 4.7 MB/s | 4.8 MB     00:00 ETA
Rocky Linux 8 - BaseOS                          4.8 MB/s | 5.0 MB     00:01    
Rocky Linux 8 - Extr     [         ===        ] ---  B/s |   0  B     --:-- ETA
Rocky Linux 8 - Extr  0% [                    ] ---  B/s |   0  B     --:-- ETA
Rocky Linux 8 - Extras                          6.1 kB/s | 3.1 kB     00:00    
Rocky Linux 8 - Extr     [            ===     ] ---  B/s |   0  B     --:-- ETA
Rocky Linux 8 - Extr  0% [                    ] ---  B/s |   0  B     --:-- ETA
Rocky Linux 8 - Extras                           23 kB/s |  14 kB     00:00    
Dependencies resolved.
================================================================================
 Package              Arch        Version                     Repository   Size
================================================================================
Installing:
 [1m[32mopenssh-clients     (B[m x86_64      8.0p1-24.el8                baseos      645 k
Installing dependencies:
 [1m[32mlibedit             (B[m x86_64      3.1-23.20170329cvs.el8      baseos      102 k

Transaction Summary
================================================================================
Install  2 Packages

Total download size: 747 k
Installed size: 2.7 M
Downloading Packages:
Rocky Linux 8 - Base  0% [                    ] ---  B/s |   0  B     --:-- ETA
Rocky Linux 8 - Base  0% [                    ] ---  B/s |   0  B     --:-- ETA
(1/2): libedit-3.1-2  0% [                    ] ---  B/s |   0  B     --:-- ETA
(1/2): libedit-3.1-23.20170329cvs.el8.x86_64.rp 996 kB/s | 102 kB     00:00    
(2/2): openssh-clien 35% [=======             ] 2.5 MB/s | 262 kB     00:00 ETA
(2/2): openssh-clients-8.0p1-24.el8.x86_64.rpm  4.1 MB/s | 645 kB     00:00    
--------------------------------------------------------------------------------
Total                                           1.2 MB/s | 747 kB     00:00     
Running transaction check
Transaction check succeeded.
Running transaction test
Transaction test succeeded.
Running transaction

  Preparing        :  [=========================                          ] 1/1
  Preparing        :                                                        1/1 

  Installing       : libedit-3.1-23.20170329cv [                          ] 1/2
  Installing       : libedit-3.1-23.20170329cv [===                       ] 1/2
  Installing       : libedit-3.1-23.20170329cv [=======                   ] 1/2
  Installing       : libedit-3.1-23.20170329cv [==========                ] 1/2
  Installing       : libedit-3.1-23.20170329cv [==============            ] 1/2
  Installing       : libedit-3.1-23.20170329cv [=================         ] 1/2
  Installing       : libedit-3.1-23.20170329cv [=====================     ] 1/2
  Installing       : libedit-3.1-23.20170329cv [========================  ] 1/2
  Installing       : libedit-3.1-23.20170329cv [========================= ] 1/2
  Installing       : libedit-3.1-23.20170329cvs.el8.x86_64                  1/2 
warning: Unable to get systemd shutdown inhibition lock: Unit systemd-logind.service is masked.


  Installing       : openssh-clients-8.0p1-24. [                          ] 2/2
  Installing       : openssh-clients-8.0p1-24. [=                         ] 2/2
  Installing       : openssh-clients-8.0p1-24. [==                        ] 2/2
  Installing       : openssh-clients-8.0p1-24. [===                       ] 2/2
  Installing       : openssh-clients-8.0p1-24. [====                      ] 2/2
  Installing       : openssh-clients-8.0p1-24. [=====                     ] 2/2
  Installing       : openssh-clients-8.0p1-24. [======                    ] 2/2
  Installing       : openssh-clients-8.0p1-24. [=======                   ] 2/2
  Installing       : openssh-clients-8.0p1-24. [========                  ] 2/2
  Installing       : openssh-clients-8.0p1-24. [=========                 ] 2/2
  Installing       : openssh-clients-8.0p1-24. [==========                ] 2/2
  Installing       : openssh-clients-8.0p1-24. [===========               ] 2/2
  Installing       : openssh-clients-8.0p1-24. [============              ] 2/2
  Installing       : openssh-clients-8.0p1-24. [=============             ] 2/2
  Installing       : openssh-clients-8.0p1-24. [==============            ] 2/2
  Installing       : openssh-clients-8.0p1-24. [===============           ] 2/2
  Installing       : openssh-clients-8.0p1-24. [================          ] 2/2
  Installing       : openssh-clients-8.0p1-24. [=================         ] 2/2
  Installing       : openssh-clients-8.0p1-24. [==================        ] 2/2
  Installing       : openssh-clients-8.0p1-24. [===================       ] 2/2
  Installing       : openssh-clients-8.0p1-24. [====================      ] 2/2
  Installing       : openssh-clients-8.0p1-24. [=====================     ] 2/2
  Installing       : openssh-clients-8.0p1-24. [======================    ] 2/2
  Installing       : openssh-clients-8.0p1-24. [=======================   ] 2/2
  Installing       : openssh-clients-8.0p1-24. [========================  ] 2/2
  Installing       : openssh-clients-8.0p1-24. [========================= ] 2/2
  Installing       : openssh-clients-8.0p1-24.el8.x86_64                    2/2 

  Running scriptlet: openssh-clients-8.0p1-24.el8.x86_64                    2/2 

  Verifying        : libedit-3.1-23.20170329cvs.el8.x86_64                  1/2 

  Verifying        : openssh-clients-8.0p1-24.el8.x86_64                    2/2 

Installed:
  libedit-3.1-23.20170329cvs.el8.x86_64   openssh-clients-8.0p1-24.el8.x86_64  

Complete!
openssh.x86_64                       8.0p1-24.el8                     @baseos   
openssh-clients.x86_64               8.0p1-24.el8                     @baseos   
